<?xml version="1.0" encoding="UTF-8"?>
<testsuite xmlns:xsi="http://www.w3.org/2001/XMLSchema-instance" xsi:noNamespaceSchemaLocation="https://maven.apache.org/surefire/maven-surefire-plugin/xsd/surefire-test-report-3.0.xsd" version="3.0" name="TestSuite" time="510.135" tests="21" errors="0" skipped="0" failures="4">
  <properties>
    <property name="sun.desktop" value="windows"/>
    <property name="awt.toolkit" value="sun.awt.windows.WToolkit"/>
    <property name="file.encoding.pkg" value="sun.io"/>
    <property name="java.specification.version" value="1.8"/>
    <property name="webdriver.chrome.driver" value="chromedriver.exe"/>
    <property name="sun.cpu.isalist" value="amd64"/>
    <property name="sun.jnu.encoding" value="Cp1252"/>
    <property name="java.class.path" value="C:\Shreya Pradhan\QualithonRepo\target\test-classes;C:\Shreya Pradhan\QualithonRepo\target\classes;C:\Users\DELL\.m2\repository\org\seleniumhq\selenium\selenium-java\4.1.2\selenium-java-4.1.2.jar;C:\Users\DELL\.m2\repository\org\seleniumhq\selenium\selenium-api\4.1.2\selenium-api-4.1.2.jar;C:\Users\DELL\.m2\repository\org\seleniumhq\selenium\selenium-chrome-driver\4.1.2\selenium-chrome-driver-4.1.2.jar;C:\Users\DELL\.m2\repository\com\google\auto\service\auto-service-annotations\1.0.1\auto-service-annotations-1.0.1.jar;C:\Users\DELL\.m2\repository\com\google\auto\service\auto-service\1.0.1\auto-service-1.0.1.jar;C:\Users\DELL\.m2\repository\com\google\auto\auto-common\1.2\auto-common-1.2.jar;C:\Users\DELL\.m2\repository\com\google\guava\guava\31.0.1-jre\guava-31.0.1-jre.jar;C:\Users\DELL\.m2\repository\com\google\guava\failureaccess\1.0.1\failureaccess-1.0.1.jar;C:\Users\DELL\.m2\repository\com\google\guava\listenablefuture\9999.0-empty-to-avoid-conflict-with-guava\listenablefuture-9999.0-empty-to-avoid-conflict-with-guava.jar;C:\Users\DELL\.m2\repository\com\google\code\findbugs\jsr305\3.0.2\jsr305-3.0.2.jar;C:\Users\DELL\.m2\repository\org\checkerframework\checker-qual\3.12.0\checker-qual-3.12.0.jar;C:\Users\DELL\.m2\repository\com\google\errorprone\error_prone_annotations\2.7.1\error_prone_annotations-2.7.1.jar;C:\Users\DELL\.m2\repository\com\google\j2objc\j2objc-annotations\1.3\j2objc-annotations-1.3.jar;C:\Users\DELL\.m2\repository\org\seleniumhq\selenium\selenium-chromium-driver\4.1.2\selenium-chromium-driver-4.1.2.jar;C:\Users\DELL\.m2\repository\org\seleniumhq\selenium\selenium-json\4.1.2\selenium-json-4.1.2.jar;C:\Users\DELL\.m2\repository\org\seleniumhq\selenium\selenium-devtools-v85\4.1.2\selenium-devtools-v85-4.1.2.jar;C:\Users\DELL\.m2\repository\org\seleniumhq\selenium\selenium-devtools-v95\4.1.2\selenium-devtools-v95-4.1.2.jar;C:\Users\DELL\.m2\repository\org\seleniumhq\selenium\selenium-devtools-v96\4.1.2\selenium-devtools-v96-4.1.2.jar;C:\Users\DELL\.m2\repository\org\seleniumhq\selenium\selenium-devtools-v97\4.1.2\selenium-devtools-v97-4.1.2.jar;C:\Users\DELL\.m2\repository\org\seleniumhq\selenium\selenium-edge-driver\4.1.2\selenium-edge-driver-4.1.2.jar;C:\Users\DELL\.m2\repository\org\seleniumhq\selenium\selenium-firefox-driver\4.1.2\selenium-firefox-driver-4.1.2.jar;C:\Users\DELL\.m2\repository\org\seleniumhq\selenium\selenium-firefox-xpi-driver\4.1.2\selenium-firefox-xpi-driver-4.1.2.jar;C:\Users\DELL\.m2\repository\org\seleniumhq\selenium\selenium-ie-driver\4.1.2\selenium-ie-driver-4.1.2.jar;C:\Users\DELL\.m2\repository\org\seleniumhq\selenium\selenium-opera-driver\4.1.2\selenium-opera-driver-4.1.2.jar;C:\Users\DELL\.m2\repository\org\seleniumhq\selenium\selenium-remote-driver\4.1.2\selenium-remote-driver-4.1.2.jar;C:\Users\DELL\.m2\repository\io\netty\netty-buffer\4.1.73.Final\netty-buffer-4.1.73.Final.jar;C:\Users\DELL\.m2\repository\io\netty\netty-codec-http\4.1.73.Final\netty-codec-http-4.1.73.Final.jar;C:\Users\DELL\.m2\repository\io\netty\netty-codec\4.1.73.Final\netty-codec-4.1.73.Final.jar;C:\Users\DELL\.m2\repository\io\netty\netty-handler\4.1.73.Final\netty-handler-4.1.73.Final.jar;C:\Users\DELL\.m2\repository\io\netty\netty-tcnative-classes\2.0.46.Final\netty-tcnative-classes-2.0.46.Final.jar;C:\Users\DELL\.m2\repository\io\netty\netty-common\4.1.73.Final\netty-common-4.1.73.Final.jar;C:\Users\DELL\.m2\repository\io\netty\netty-transport-classes-epoll\4.1.73.Final\netty-transport-classes-epoll-4.1.73.Final.jar;C:\Users\DELL\.m2\repository\io\netty\netty-transport-classes-kqueue\4.1.73.Final\netty-transport-classes-kqueue-4.1.73.Final.jar;C:\Users\DELL\.m2\repository\io\netty\netty-transport-native-epoll\4.1.73.Final\netty-transport-native-epoll-4.1.73.Final.jar;C:\Users\DELL\.m2\repository\io\netty\netty-transport-native-kqueue\4.1.73.Final\netty-transport-native-kqueue-4.1.73.Final.jar;C:\Users\DELL\.m2\repository\io\netty\netty-transport-native-unix-common\4.1.73.Final\netty-transport-native-unix-common-4.1.73.Final.jar;C:\Users\DELL\.m2\repository\io\netty\netty-transport\4.1.73.Final\netty-transport-4.1.73.Final.jar;C:\Users\DELL\.m2\repository\io\netty\netty-resolver\4.1.73.Final\netty-resolver-4.1.73.Final.jar;C:\Users\DELL\.m2\repository\io\opentelemetry\opentelemetry-api\1.10.1\opentelemetry-api-1.10.1.jar;C:\Users\DELL\.m2\repository\io\opentelemetry\opentelemetry-context\1.10.1\opentelemetry-context-1.10.1.jar;C:\Users\DELL\.m2\repository\io\opentelemetry\opentelemetry-exporter-logging\1.10.1\opentelemetry-exporter-logging-1.10.1.jar;C:\Users\DELL\.m2\repository\io\opentelemetry\opentelemetry-sdk-metrics\1.10.1-alpha\opentelemetry-sdk-metrics-1.10.1-alpha.jar;C:\Users\DELL\.m2\repository\io\opentelemetry\opentelemetry-sdk-logs\1.10.1-alpha\opentelemetry-sdk-logs-1.10.1-alpha.jar;C:\Users\DELL\.m2\repository\io\opentelemetry\opentelemetry-sdk-common\1.10.1\opentelemetry-sdk-common-1.10.1.jar;C:\Users\DELL\.m2\repository\io\opentelemetry\opentelemetry-sdk-extension-autoconfigure-spi\1.10.1\opentelemetry-sdk-extension-autoconfigure-spi-1.10.1.jar;C:\Users\DELL\.m2\repository\io\opentelemetry\opentelemetry-sdk-extension-autoconfigure\1.10.1-alpha\opentelemetry-sdk-extension-autoconfigure-1.10.1-alpha.jar;C:\Users\DELL\.m2\repository\io\opentelemetry\opentelemetry-sdk-trace\1.10.1\opentelemetry-sdk-trace-1.10.1.jar;C:\Users\DELL\.m2\repository\io\opentelemetry\opentelemetry-sdk\1.10.1\opentelemetry-sdk-1.10.1.jar;C:\Users\DELL\.m2\repository\io\opentelemetry\opentelemetry-semconv\1.10.1-alpha\opentelemetry-semconv-1.10.1-alpha.jar;C:\Users\DELL\.m2\repository\io\ous\jtoml\2.0.0\jtoml-2.0.0.jar;C:\Users\DELL\.m2\repository\net\bytebuddy\byte-buddy\1.12.7\byte-buddy-1.12.7.jar;C:\Users\DELL\.m2\repository\org\apache\commons\commons-exec\1.3\commons-exec-1.3.jar;C:\Users\DELL\.m2\repository\org\asynchttpclient\async-http-client\2.12.3\async-http-client-2.12.3.jar;C:\Users\DELL\.m2\repository\org\asynchttpclient\async-http-client-netty-utils\2.12.3\async-http-client-netty-utils-2.12.3.jar;C:\Users\DELL\.m2\repository\io\netty\netty-codec-socks\4.1.60.Final\netty-codec-socks-4.1.60.Final.jar;C:\Users\DELL\.m2\repository\io\netty\netty-handler-proxy\4.1.60.Final\netty-handler-proxy-4.1.60.Final.jar;C:\Users\DELL\.m2\repository\io\netty\netty-transport-native-epoll\4.1.60.Final\netty-transport-native-epoll-4.1.60.Final-linux-x86_64.jar;C:\Users\DELL\.m2\repository\io\netty\netty-transport-native-kqueue\4.1.60.Final\netty-transport-native-kqueue-4.1.60.Final-osx-x86_64.jar;C:\Users\DELL\.m2\repository\org\reactivestreams\reactive-streams\1.0.3\reactive-streams-1.0.3.jar;C:\Users\DELL\.m2\repository\com\typesafe\netty\netty-reactive-streams\2.0.4\netty-reactive-streams-2.0.4.jar;C:\Users\DELL\.m2\repository\org\slf4j\slf4j-api\1.7.30\slf4j-api-1.7.30.jar;C:\Users\DELL\.m2\repository\com\sun\activation\jakarta.activation\1.2.2\jakarta.activation-1.2.2.jar;C:\Users\DELL\.m2\repository\org\seleniumhq\selenium\selenium-http\4.1.2\selenium-http-4.1.2.jar;C:\Users\DELL\.m2\repository\net\jodah\failsafe\2.4.4\failsafe-2.4.4.jar;C:\Users\DELL\.m2\repository\org\seleniumhq\selenium\selenium-safari-driver\4.1.2\selenium-safari-driver-4.1.2.jar;C:\Users\DELL\.m2\repository\org\seleniumhq\selenium\selenium-support\4.1.2\selenium-support-4.1.2.jar;C:\Users\DELL\.m2\repository\com\konghq\unirest-java\3.13.6\unirest-java-3.13.6.jar;C:\Users\DELL\.m2\repository\org\apache\httpcomponents\httpclient\4.5.13\httpclient-4.5.13.jar;C:\Users\DELL\.m2\repository\org\apache\httpcomponents\httpcore\4.4.13\httpcore-4.4.13.jar;C:\Users\DELL\.m2\repository\commons-logging\commons-logging\1.2\commons-logging-1.2.jar;C:\Users\DELL\.m2\repository\commons-codec\commons-codec\1.11\commons-codec-1.11.jar;C:\Users\DELL\.m2\repository\org\apache\httpcomponents\httpmime\4.5.13\httpmime-4.5.13.jar;C:\Users\DELL\.m2\repository\org\apache\httpcomponents\httpcore-nio\4.4.13\httpcore-nio-4.4.13.jar;C:\Users\DELL\.m2\repository\org\apache\httpcomponents\httpasyncclient\4.1.5\httpasyncclient-4.1.5.jar;C:\Users\DELL\.m2\repository\com\google\code\gson\gson\2.8.8\gson-2.8.8.jar;C:\Users\DELL\.m2\repository\org\assertj\assertj-core\3.21.0\assertj-core-3.21.0.jar;C:\Users\DELL\.m2\repository\org\testng\testng\7.3.0\testng-7.3.0.jar;C:\Users\DELL\.m2\repository\com\beust\jcommander\1.78\jcommander-1.78.jar;C:\Users\DELL\.m2\repository\org\apache\ant\ant\1.10.3\ant-1.10.3.jar;C:\Users\DELL\.m2\repository\org\apache\ant\ant-launcher\1.10.3\ant-launcher-1.10.3.jar;C:\Users\DELL\.m2\repository\junit\junit\4.12\junit-4.12.jar;C:\Users\DELL\.m2\repository\org\hamcrest\hamcrest-core\1.3\hamcrest-core-1.3.jar;C:\Users\DELL\.m2\repository\com\google\inject\guice\4.2.2\guice-4.2.2-no_aop.jar;C:\Users\DELL\.m2\repository\javax\inject\javax.inject\1\javax.inject-1.jar;C:\Users\DELL\.m2\repository\aopalliance\aopalliance\1.0\aopalliance-1.0.jar;C:\Users\DELL\.m2\repository\org\yaml\snakeyaml\1.21\snakeyaml-1.21.jar;"/>
    <property name="java.vm.vendor" value="Oracle Corporation"/>
    <property name="sun.arch.data.model" value="64"/>
    <property name="user.variant" value=""/>
    <property name="java.vendor.url" value="http://java.oracle.com/"/>
    <property name="user.timezone" value="Asia/Katmandu"/>
    <property name="java.vm.specification.version" value="1.8"/>
    <property name="os.name" value="Windows 10"/>
    <property name="user.country" value="GB"/>
    <property name="sun.java.launcher" value="SUN_STANDARD"/>
    <property name="sun.boot.library.path" value="C:\Program Files\Java\jdk1.8.0_271\jre\bin"/>
    <property name="sun.java.command" value="C:\Users\DELL\AppData\Local\Temp\surefire199215293224169618\surefirebooter1254131233056067789.jar C:\Users\DELL\AppData\Local\Temp\surefire199215293224169618 2022-02-20T23-13-33_700-jvmRun1 surefire2929946448161976555tmp surefire_08246586237167406912tmp"/>
    <property name="surefire.test.class.path" value="C:\Shreya Pradhan\QualithonRepo\target\test-classes;C:\Shreya Pradhan\QualithonRepo\target\classes;C:\Users\DELL\.m2\repository\org\seleniumhq\selenium\selenium-java\4.1.2\selenium-java-4.1.2.jar;C:\Users\DELL\.m2\repository\org\seleniumhq\selenium\selenium-api\4.1.2\selenium-api-4.1.2.jar;C:\Users\DELL\.m2\repository\org\seleniumhq\selenium\selenium-chrome-driver\4.1.2\selenium-chrome-driver-4.1.2.jar;C:\Users\DELL\.m2\repository\com\google\auto\service\auto-service-annotations\1.0.1\auto-service-annotations-1.0.1.jar;C:\Users\DELL\.m2\repository\com\google\auto\service\auto-service\1.0.1\auto-service-1.0.1.jar;C:\Users\DELL\.m2\repository\com\google\auto\auto-common\1.2\auto-common-1.2.jar;C:\Users\DELL\.m2\repository\com\google\guava\guava\31.0.1-jre\guava-31.0.1-jre.jar;C:\Users\DELL\.m2\repository\com\google\guava\failureaccess\1.0.1\failureaccess-1.0.1.jar;C:\Users\DELL\.m2\repository\com\google\guava\listenablefuture\9999.0-empty-to-avoid-conflict-with-guava\listenablefuture-9999.0-empty-to-avoid-conflict-with-guava.jar;C:\Users\DELL\.m2\repository\com\google\code\findbugs\jsr305\3.0.2\jsr305-3.0.2.jar;C:\Users\DELL\.m2\repository\org\checkerframework\checker-qual\3.12.0\checker-qual-3.12.0.jar;C:\Users\DELL\.m2\repository\com\google\errorprone\error_prone_annotations\2.7.1\error_prone_annotations-2.7.1.jar;C:\Users\DELL\.m2\repository\com\google\j2objc\j2objc-annotations\1.3\j2objc-annotations-1.3.jar;C:\Users\DELL\.m2\repository\org\seleniumhq\selenium\selenium-chromium-driver\4.1.2\selenium-chromium-driver-4.1.2.jar;C:\Users\DELL\.m2\repository\org\seleniumhq\selenium\selenium-json\4.1.2\selenium-json-4.1.2.jar;C:\Users\DELL\.m2\repository\org\seleniumhq\selenium\selenium-devtools-v85\4.1.2\selenium-devtools-v85-4.1.2.jar;C:\Users\DELL\.m2\repository\org\seleniumhq\selenium\selenium-devtools-v95\4.1.2\selenium-devtools-v95-4.1.2.jar;C:\Users\DELL\.m2\repository\org\seleniumhq\selenium\selenium-devtools-v96\4.1.2\selenium-devtools-v96-4.1.2.jar;C:\Users\DELL\.m2\repository\org\seleniumhq\selenium\selenium-devtools-v97\4.1.2\selenium-devtools-v97-4.1.2.jar;C:\Users\DELL\.m2\repository\org\seleniumhq\selenium\selenium-edge-driver\4.1.2\selenium-edge-driver-4.1.2.jar;C:\Users\DELL\.m2\repository\org\seleniumhq\selenium\selenium-firefox-driver\4.1.2\selenium-firefox-driver-4.1.2.jar;C:\Users\DELL\.m2\repository\org\seleniumhq\selenium\selenium-firefox-xpi-driver\4.1.2\selenium-firefox-xpi-driver-4.1.2.jar;C:\Users\DELL\.m2\repository\org\seleniumhq\selenium\selenium-ie-driver\4.1.2\selenium-ie-driver-4.1.2.jar;C:\Users\DELL\.m2\repository\org\seleniumhq\selenium\selenium-opera-driver\4.1.2\selenium-opera-driver-4.1.2.jar;C:\Users\DELL\.m2\repository\org\seleniumhq\selenium\selenium-remote-driver\4.1.2\selenium-remote-driver-4.1.2.jar;C:\Users\DELL\.m2\repository\io\netty\netty-buffer\4.1.73.Final\netty-buffer-4.1.73.Final.jar;C:\Users\DELL\.m2\repository\io\netty\netty-codec-http\4.1.73.Final\netty-codec-http-4.1.73.Final.jar;C:\Users\DELL\.m2\repository\io\netty\netty-codec\4.1.73.Final\netty-codec-4.1.73.Final.jar;C:\Users\DELL\.m2\repository\io\netty\netty-handler\4.1.73.Final\netty-handler-4.1.73.Final.jar;C:\Users\DELL\.m2\repository\io\netty\netty-tcnative-classes\2.0.46.Final\netty-tcnative-classes-2.0.46.Final.jar;C:\Users\DELL\.m2\repository\io\netty\netty-common\4.1.73.Final\netty-common-4.1.73.Final.jar;C:\Users\DELL\.m2\repository\io\netty\netty-transport-classes-epoll\4.1.73.Final\netty-transport-classes-epoll-4.1.73.Final.jar;C:\Users\DELL\.m2\repository\io\netty\netty-transport-classes-kqueue\4.1.73.Final\netty-transport-classes-kqueue-4.1.73.Final.jar;C:\Users\DELL\.m2\repository\io\netty\netty-transport-native-epoll\4.1.73.Final\netty-transport-native-epoll-4.1.73.Final.jar;C:\Users\DELL\.m2\repository\io\netty\netty-transport-native-kqueue\4.1.73.Final\netty-transport-native-kqueue-4.1.73.Final.jar;C:\Users\DELL\.m2\repository\io\netty\netty-transport-native-unix-common\4.1.73.Final\netty-transport-native-unix-common-4.1.73.Final.jar;C:\Users\DELL\.m2\repository\io\netty\netty-transport\4.1.73.Final\netty-transport-4.1.73.Final.jar;C:\Users\DELL\.m2\repository\io\netty\netty-resolver\4.1.73.Final\netty-resolver-4.1.73.Final.jar;C:\Users\DELL\.m2\repository\io\opentelemetry\opentelemetry-api\1.10.1\opentelemetry-api-1.10.1.jar;C:\Users\DELL\.m2\repository\io\opentelemetry\opentelemetry-context\1.10.1\opentelemetry-context-1.10.1.jar;C:\Users\DELL\.m2\repository\io\opentelemetry\opentelemetry-exporter-logging\1.10.1\opentelemetry-exporter-logging-1.10.1.jar;C:\Users\DELL\.m2\repository\io\opentelemetry\opentelemetry-sdk-metrics\1.10.1-alpha\opentelemetry-sdk-metrics-1.10.1-alpha.jar;C:\Users\DELL\.m2\repository\io\opentelemetry\opentelemetry-sdk-logs\1.10.1-alpha\opentelemetry-sdk-logs-1.10.1-alpha.jar;C:\Users\DELL\.m2\repository\io\opentelemetry\opentelemetry-sdk-common\1.10.1\opentelemetry-sdk-common-1.10.1.jar;C:\Users\DELL\.m2\repository\io\opentelemetry\opentelemetry-sdk-extension-autoconfigure-spi\1.10.1\opentelemetry-sdk-extension-autoconfigure-spi-1.10.1.jar;C:\Users\DELL\.m2\repository\io\opentelemetry\opentelemetry-sdk-extension-autoconfigure\1.10.1-alpha\opentelemetry-sdk-extension-autoconfigure-1.10.1-alpha.jar;C:\Users\DELL\.m2\repository\io\opentelemetry\opentelemetry-sdk-trace\1.10.1\opentelemetry-sdk-trace-1.10.1.jar;C:\Users\DELL\.m2\repository\io\opentelemetry\opentelemetry-sdk\1.10.1\opentelemetry-sdk-1.10.1.jar;C:\Users\DELL\.m2\repository\io\opentelemetry\opentelemetry-semconv\1.10.1-alpha\opentelemetry-semconv-1.10.1-alpha.jar;C:\Users\DELL\.m2\repository\io\ous\jtoml\2.0.0\jtoml-2.0.0.jar;C:\Users\DELL\.m2\repository\net\bytebuddy\byte-buddy\1.12.7\byte-buddy-1.12.7.jar;C:\Users\DELL\.m2\repository\org\apache\commons\commons-exec\1.3\commons-exec-1.3.jar;C:\Users\DELL\.m2\repository\org\asynchttpclient\async-http-client\2.12.3\async-http-client-2.12.3.jar;C:\Users\DELL\.m2\repository\org\asynchttpclient\async-http-client-netty-utils\2.12.3\async-http-client-netty-utils-2.12.3.jar;C:\Users\DELL\.m2\repository\io\netty\netty-codec-socks\4.1.60.Final\netty-codec-socks-4.1.60.Final.jar;C:\Users\DELL\.m2\repository\io\netty\netty-handler-proxy\4.1.60.Final\netty-handler-proxy-4.1.60.Final.jar;C:\Users\DELL\.m2\repository\io\netty\netty-transport-native-epoll\4.1.60.Final\netty-transport-native-epoll-4.1.60.Final-linux-x86_64.jar;C:\Users\DELL\.m2\repository\io\netty\netty-transport-native-kqueue\4.1.60.Final\netty-transport-native-kqueue-4.1.60.Final-osx-x86_64.jar;C:\Users\DELL\.m2\repository\org\reactivestreams\reactive-streams\1.0.3\reactive-streams-1.0.3.jar;C:\Users\DELL\.m2\repository\com\typesafe\netty\netty-reactive-streams\2.0.4\netty-reactive-streams-2.0.4.jar;C:\Users\DELL\.m2\repository\org\slf4j\slf4j-api\1.7.30\slf4j-api-1.7.30.jar;C:\Users\DELL\.m2\repository\com\sun\activation\jakarta.activation\1.2.2\jakarta.activation-1.2.2.jar;C:\Users\DELL\.m2\repository\org\seleniumhq\selenium\selenium-http\4.1.2\selenium-http-4.1.2.jar;C:\Users\DELL\.m2\repository\net\jodah\failsafe\2.4.4\failsafe-2.4.4.jar;C:\Users\DELL\.m2\repository\org\seleniumhq\selenium\selenium-safari-driver\4.1.2\selenium-safari-driver-4.1.2.jar;C:\Users\DELL\.m2\repository\org\seleniumhq\selenium\selenium-support\4.1.2\selenium-support-4.1.2.jar;C:\Users\DELL\.m2\repository\com\konghq\unirest-java\3.13.6\unirest-java-3.13.6.jar;C:\Users\DELL\.m2\repository\org\apache\httpcomponents\httpclient\4.5.13\httpclient-4.5.13.jar;C:\Users\DELL\.m2\repository\org\apache\httpcomponents\httpcore\4.4.13\httpcore-4.4.13.jar;C:\Users\DELL\.m2\repository\commons-logging\commons-logging\1.2\commons-logging-1.2.jar;C:\Users\DELL\.m2\repository\commons-codec\commons-codec\1.11\commons-codec-1.11.jar;C:\Users\DELL\.m2\repository\org\apache\httpcomponents\httpmime\4.5.13\httpmime-4.5.13.jar;C:\Users\DELL\.m2\repository\org\apache\httpcomponents\httpcore-nio\4.4.13\httpcore-nio-4.4.13.jar;C:\Users\DELL\.m2\repository\org\apache\httpcomponents\httpasyncclient\4.1.5\httpasyncclient-4.1.5.jar;C:\Users\DELL\.m2\repository\com\google\code\gson\gson\2.8.8\gson-2.8.8.jar;C:\Users\DELL\.m2\repository\org\assertj\assertj-core\3.21.0\assertj-core-3.21.0.jar;C:\Users\DELL\.m2\repository\org\testng\testng\7.3.0\testng-7.3.0.jar;C:\Users\DELL\.m2\repository\com\beust\jcommander\1.78\jcommander-1.78.jar;C:\Users\DELL\.m2\repository\org\apache\ant\ant\1.10.3\ant-1.10.3.jar;C:\Users\DELL\.m2\repository\org\apache\ant\ant-launcher\1.10.3\ant-launcher-1.10.3.jar;C:\Users\DELL\.m2\repository\junit\junit\4.12\junit-4.12.jar;C:\Users\DELL\.m2\repository\org\hamcrest\hamcrest-core\1.3\hamcrest-core-1.3.jar;C:\Users\DELL\.m2\repository\com\google\inject\guice\4.2.2\guice-4.2.2-no_aop.jar;C:\Users\DELL\.m2\repository\javax\inject\javax.inject\1\javax.inject-1.jar;C:\Users\DELL\.m2\repository\aopalliance\aopalliance\1.0\aopalliance-1.0.jar;C:\Users\DELL\.m2\repository\org\yaml\snakeyaml\1.21\snakeyaml-1.21.jar;"/>
    <property name="sun.cpu.endian" value="little"/>
    <property name="user.home" value="C:\Users\DELL"/>
    <property name="user.language" value="en"/>
    <property name="java.specification.vendor" value="Oracle Corporation"/>
    <property name="java.home" value="C:\Program Files\Java\jdk1.8.0_271\jre"/>
    <property name="basedir" value="C:\Shreya Pradhan\QualithonRepo"/>
    <property name="file.separator" value="\"/>
    <property name="line.separator" value="&#10;"/>
    <property name="java.vm.specification.vendor" value="Oracle Corporation"/>
    <property name="java.specification.name" value="Java Platform API Specification"/>
    <property name="java.awt.graphicsenv" value="sun.awt.Win32GraphicsEnvironment"/>
    <property name="surefire.real.class.path" value="C:\Users\DELL\AppData\Local\Temp\surefire199215293224169618\surefirebooter1254131233056067789.jar"/>
    <property name="sun.boot.class.path" value="C:\Program Files\Java\jdk1.8.0_271\jre\lib\resources.jar;C:\Program Files\Java\jdk1.8.0_271\jre\lib\rt.jar;C:\Program Files\Java\jdk1.8.0_271\jre\lib\sunrsasign.jar;C:\Program Files\Java\jdk1.8.0_271\jre\lib\jsse.jar;C:\Program Files\Java\jdk1.8.0_271\jre\lib\jce.jar;C:\Program Files\Java\jdk1.8.0_271\jre\lib\charsets.jar;C:\Program Files\Java\jdk1.8.0_271\jre\lib\jfr.jar;C:\Program Files\Java\jdk1.8.0_271\jre\classes"/>
    <property name="user.script" value=""/>
    <property name="sun.management.compiler" value="HotSpot 64-Bit Tiered Compilers"/>
    <property name="java.runtime.version" value="1.8.0_271-b09"/>
    <property name="user.name" value="Shreya Pradhan"/>
    <property name="path.separator" value=";"/>
    <property name="os.version" value="10.0"/>
    <property name="java.endorsed.dirs" value="C:\Program Files\Java\jdk1.8.0_271\jre\lib\endorsed"/>
    <property name="java.runtime.name" value="Java(TM) SE Runtime Environment"/>
    <property name="file.encoding" value="Cp1252"/>
    <property name="java.vm.name" value="Java HotSpot(TM) 64-Bit Server VM"/>
    <property name="localRepository" value="C:\Users\DELL\.m2\repository"/>
    <property name="java.vendor.url.bug" value="http://bugreport.sun.com/bugreport/"/>
    <property name="java.io.tmpdir" value="C:\Users\DELL\AppData\Local\Temp\"/>
    <property name="java.version" value="1.8.0_271"/>
    <property name="user.dir" value="C:\Shreya Pradhan\QualithonRepo"/>
    <property name="os.arch" value="amd64"/>
    <property name="java.vm.specification.name" value="Java Virtual Machine Specification"/>
    <property name="java.awt.printerjob" value="sun.awt.windows.WPrinterJob"/>
    <property name="sun.os.patch.level" value=""/>
    <property name="java.library.path" value="C:\Program Files\Java\jdk1.8.0_271\jre\bin;C:\WINDOWS\Sun\Java\bin;C:\WINDOWS\system32;C:\WINDOWS;C:\Program Files (x86)\Common Files\Oracle\Java\javapath;C:\WINDOWS\system32;C:\WINDOWS;C:\WINDOWS\System32\Wbem;C:\WINDOWS\System32\WindowsPowerShell\v1.0\;C:\WINDOWS\System32\OpenSSH\;C:\Program Files\TortoiseGit\bin;C:\Program Files\dotnet\;C:\Program Files\Microsoft SQL Server\130\Tools\Binn\;C:\Program Files\Microsoft SQL Server\Client SDK\ODBC\170\Tools\Binn\;C:\Program Files\Java\jdk1.8.0_271\bin;C:\apps\spark-3.0.1-bin-hadoop2.7\bin;C:\Program Files\Java\jre1.8.0_291\bin;C:\Program Files\nodejs\;C:\Shreya Pradhan\apache-maven-3.8.4-bin\apache-maven-3.8.4\bin;C:\Users\DELL\Downloads\chromedriver_win32\chromedriver;C:\Program Files\Git\cmd;C:\Users\DELL\AppData\Local\Programs\Python\Python39\Scripts\;C:\Users\DELL\AppData\Local\Programs\Python\Python39\;C:\Users\DELL\AppData\Local\Microsoft\WindowsApps;C:\Users\DELL\AppData\Local\Programs\Microsoft VS Code\bin;C:\Users\DELL\.dotnet\tools;C:\Users\DELL\AppData\Local\GitHubDesktop\bin;C:\Program Files\Java\jdk1.8.0_271\bin;C:\apps\spark-3.0.1-bin-hadoop2.7\bin;C:\Users\DELL\AppData\Roaming\npm;C:\flutter\bin;C:\Shreya Pradhan\apache-maven-3.8.4-bin\apache-maven-3.8.4\bin;;."/>
    <property name="java.vm.info" value="mixed mode"/>
    <property name="java.vendor" value="Oracle Corporation"/>
    <property name="java.vm.version" value="25.271-b09"/>
    <property name="java.ext.dirs" value="C:\Program Files\Java\jdk1.8.0_271\jre\lib\ext;C:\WINDOWS\Sun\Java\lib\ext"/>
    <property name="sun.io.unicode.encoding" value="UnicodeLittle"/>
    <property name="java.class.version" value="52.0"/>
  </properties>
  <testcase name="testMovieMetadataOnWebHasCorrectGenres[A Clockwork Orange](1)" classname="com.qt.qualithon.test.MovieSearchTest" time="24.059">
    <system-err><![CDATA[SLF4J: Failed to load class "org.slf4j.impl.StaticLoggerBinder".
SLF4J: Defaulting to no-operation (NOP) logger implementation
SLF4J: See http://www.slf4j.org/codes.html#StaticLoggerBinder for further details.
Starting ChromeDriver 98.0.4758.102 (273bf7ac8c909cde36982d27f66f3c70846a3718-refs/branch-heads/4758@{#1151}) on port 52583
Only local connections are allowed.
Please see https://chromedriver.chromium.orgS/tsaecurrittiy-ncgon siCdherratoimoenDsri vfeorr  s9u8g.g0e.s4t7i5o8n.s1 0on2 k e(ep2in7g3 bfC7ahc8rc9o0m9ecDdrei3v6e9r8 2sda2f7ef.6
6f3c70846a3718-refs/branch-heads/4758@{#1151}) on port 62201
Only local connections are allowed.
Please see https://chromedriver.chromium.org/security-considerations for suggestions on keeping ChromeDriver safe.
ChromeDriver was started successfully.
ChromeDriver was started successfully.
Feb 20, 2022 11:13:41 PM org.openqa.selenium.remote.ProtocolHandshake createSession
INFO: Detected dialect: W3C
Feb 20, 2022 11:13:41 PM org.openqa.selenium.remote.ProtocolHandshake createSession
INFO: Detected dialect: W3C
Feb 20, 2022 11:13:41 PM org.openqa.selenium.devtools.CdpVersionFinder findNearestMatch
WARNING: Unable to find an exact match for CDP version 98, so returning the closest version found: 97
Feb 20, 2022 11:13:41 PM org.openqa.selenium.devtools.CdpVersionFinder findNearestMatch
WARNING: Unable to find an exact match for CDP version 98, so returning the closest version found: 97
Feb 20, 2022 11:13:41 PM org.openqa.selenium.devtools.CdpVersionFinder findNearestMatch
INFO: Found CDP implementation for version 98 of 97
Feb 20, 2022 11:13:41 PM org.openqa.selenium.devtools.CdpVersionFinder findNearestMatch
INFO: Found CDP implementation for version 98 of 97
]]></system-err>
  </testcase>
  <testcase name="testMovieMetadataOnWebHasCorrectDirectorName[A Clockwork Orange](1)" classname="com.qt.qualithon.test.MovieSearchTest" time="24.138"/>
  <testcase name="testMovieMetadataOnWebHasCorrectDirectorName[The Dark Knight Rises](2)" classname="com.qt.qualithon.test.MovieSearchTest" time="22.071">
    <system-err><![CDATA[StSatrarttinign Cgh rCohmreoDmerDirivveerr  9988..00..4745785.180.2 (12730b2f7 a(c287c390b9fcd7ea3c689c829d0297cfd6e63f639c78028d4267a3f76168f-3rce7f0s/br8a4n6cah3-7he1a8d-sr/4e7f5s8@/{#b1r1a51n}c) ho-nh peoardts /542771518
@O{n#l1y1 l5o1ca}l )c oonnne cptoiornst  a5r6e6 3a6ll
oOwneldy. l
oPclaela sceo nsneeec thittopns:s/ /cahrreom eadlrliovweerd..c
hPrloemasieu ms.eoer gh/tstepcsur:i/t/yc-hcroonmseiddreirvaetri.ocnhsr ofmoiurm .sourggg/essetciuornist yo-nc okneseipdienrga tCiohnrso mfeoDrr isvuegrg essatfieo.ns
 on keeping ChromeDriver safe.
ChromeDriver was started successfully.
ChromeDriver was started successfully.
Feb 20, 2022 11:14:08 PM org.openqa.selenium.remote.ProtocolHandshake createSession
INFO: Detected dialect: W3C
Feb 20, 2022 11:14:08 PM org.openqa.selenium.devtools.CdpVersionFinder findNearestMatch
WARNING: Unable to find an exact match for CDP version 98, so returning the closest version found: 97
Feb 20, 2022 11:14:08 PM org.openqa.selenium.devtools.CdpVersionFinder findNearestMatch
INFO: Found CDP implementation for version 98 of 97
Feb 20, 2022 11:14:08 PM org.openqa.selenium.remote.ProtocolHandshake createSession
INFO: Detected dialect: W3C
Feb 20, 2022 11:14:08 PM org.openqa.selenium.devtools.CdpVersionFinder findNearestMatch
WARNING: Unable to find an exact match for CDP version 98, so returning the closest version found: 97
Feb 20, 2022 11:14:08 PM org.openqa.selenium.devtools.CdpVersionFinder findNearestMatch
INFO: Found CDP implementation for version 98 of 97
]]></system-err>
  </testcase>
  <testcase name="testMovieMetadataOnWebHasCorrectGenres[The Dark Knight Rises](2)" classname="com.qt.qualithon.test.MovieSearchTest" time="23.578">
    <system-err><![CDATA[Starting ChromeDriver 98.0.4758.102 (273bf7ac8c909cde36982d27f66f3c70846a3718-refs/branch-heads/4758@{#1151}) on port 56739
Only local connections are allowed.
Please see https://chromedriver.chromium.org/security-considerations for suggestions on keeping ChromeDriver safe.
ChromeDriver was started successfully.
]]></system-err>
  </testcase>
  <testcase name="testMovieMetadataOnWebHasCorrectMovieRatingScore[A Clockwork Orange](1)" classname="com.qt.qualithon.test.MovieSearchTest" time="20.841">
    <system-err><![CDATA[Feb 20, 2022 11:14:32 PM org.openqa.selenium.remote.ProtocolHandshake createSession
INFO: Detected dialect: W3C
Feb 20, 2022 11:14:32 PM org.openqa.selenium.devtools.CdpVersionFinder findNearestMatch
WARNING: Unable to find an exact match for CDP version 98, so returning the closest version found: 97
Feb 20, 2022 11:14:32 PM org.openqa.selenium.devtools.CdpVersionFinder findNearestMatch
INFO: Found CDP implementation for version 98 of 97
Starting ChromeDriver 98.0.4758.102 (273bf7ac8c909cde36982d27f66f3c70846a3718-refs/branch-heads/4758@{#1151}) on port 55628
Only local connections are allowed.
Please see https://chromedriver.chromium.org/security-considerations for suggestions on keeping ChromeDriver safe.
ChromeDriver was started successfully.
Feb 20, 2022 11:14:34 PM org.openqa.selenium.remote.ProtocolHandshake createSession
INFO: Detected dialect: W3C
Feb 20, 2022 11:14:34 PM org.openqa.selenium.devtools.CdpVersionFinder findNearestMatch
WARNING: Unable to find an exact match for CDP version 98, so returning the closest version found: 97
Feb 20, 2022 11:14:34 PM org.openqa.selenium.devtools.CdpVersionFinder findNearestMatch
INFO: Found CDP implementation for version 98 of 97
]]></system-err>
  </testcase>
  <testcase name="testMovieMetadataOnWebHasCorrectMaturityRating[A Clockwork Orange](1)" classname="com.qt.qualithon.test.MovieSearchTest" time="21.328"/>
  <testcase name="testMovieMetadataOnWebHasCorrectMovieRatingScore[The Dark Knight Rises](2)" classname="com.qt.qualithon.test.MovieSearchTest" time="27.382">
    <system-err><![CDATA[Starting ChromeDriver 98.0.4758.102 (273bf7ac8c909cde36982d27f66f3c70846a3718-refs/branch-heads/4758@{#1151}) on port 55808
Only local connections are allowed.
Please see https://chromedriver.chromium.org/security-considerations for suggestions on keeping ChromeDriver safe.
ChromeDriver was started successfully.
Starting ChromeDriver 98.0.4758.102 (273bf7ac8c909cde36982d27f66f3c70846a3718-refs/branch-heads/4758@{#1151}) on port 49586
Only local connections are allowed.
Please see https://chromedriver.chromium.org/security-considerations for suggestions on keeping ChromeDriver safe.
ChromeDriver was started successfully.
Feb 20, 2022 11:14:57 PM org.openqa.selenium.remote.ProtocolHandshake createSession
INFO: Detected dialect: W3C
Feb 20, 2022 11:14:57 PM org.openqa.selenium.devtools.CdpVersionFinder findNearestMatch
WARNING: Unable to find an exact match for CDP version 98, so returning the closest version found: 97
Feb 20, 2022 11:14:57 PM org.openqa.selenium.devtools.CdpVersionFinder findNearestMatch
INFO: Found CDP implementation for version 98 of 97
Feb 20, 2022 11:14:58 PM org.openqa.selenium.remote.ProtocolHandshake createSession
INFO: Detected dialect: W3C
Feb 20, 2022 11:14:58 PM org.openqa.selenium.devtools.CdpVersionFinder findNearestMatch
WARNING: Unable to find an exact match for CDP version 98, so returning the closest version found: 97
Feb 20, 2022 11:14:58 PM org.openqa.selenium.devtools.CdpVersionFinder findNearestMatch
INFO: Found CDP implementation for version 98 of 97
]]></system-err>
  </testcase>
  <testcase name="testMovieMetadataOnWebHasCorrectMaturityRating[The Dark Knight Rises](2)" classname="com.qt.qualithon.test.MovieSearchTest" time="28.354">
    <failure message="expected:&lt;&quot;[PG-13]&quot;&gt; but was:&lt;&quot;[12A]&quot;&gt;" type="org.junit.ComparisonFailure"><![CDATA[org.junit.ComparisonFailure: expected:<"[PG-13]"> but was:<"[12A]">
	at com.qt.qualithon.test.MovieSearchTest.testMovieMetadataOnWebHasCorrectMaturityRating(MovieSearchTest.java:165)
]]></failure>
  </testcase>
  <testcase name="testMovieMetadataOnWebHasCorrectReleaseYear[A Clockwork Orange](1)" classname="com.qt.qualithon.test.MovieSearchTest" time="26.177">
    <system-err><![CDATA[Starting ChromeDriver 98.0.4758.102 (273bf7ac8c909cde36982d27f66f3c70846a3718-refs/branch-heads/4758@{#1151}) on port 59824
Only local connections are allowed.
Please see https://chromedriver.chromium.org/security-considerations for suggestions on keeping ChromeDriver safe.
ChromeDriver was started successfully.
Starting ChromeDriver 98.0.4758.102 (273bf7ac8c909cde36982d27f66f3c70846a3718-refs/branch-heads/4758@{#1151}) on port 52601
Only local connections are allowed.
Please see https://chromedriver.chromium.org/security-considerations for suggestions on keeping ChromeDriver safe.
ChromeDriver was started successfully.
Feb 20, 2022 11:15:28 PM org.openqa.selenium.remote.ProtocolHandshake createSession
INFO: Detected dialect: W3C
Feb 20, 2022 11:15:28 PM org.openqa.selenium.devtools.CdpVersionFinder findNearestMatch
WARNING: Unable to find an exact match for CDP version 98, so returning the closest version found: 97
Feb 20, 2022 11:15:28 PM org.openqa.selenium.devtools.CdpVersionFinder findNearestMatch
INFO: Found CDP implementation for version 98 of 97
Feb 20, 2022 11:15:29 PM org.openqa.selenium.remote.ProtocolHandshake createSession
INFO: Detected dialect: W3C
Feb 20, 2022 11:15:29 PM org.openqa.selenium.devtools.CdpVersionFinder findNearestMatch
WARNING: Unable to find an exact match for CDP version 98, so returning the closest version found: 97
Feb 20, 2022 11:15:29 PM org.openqa.selenium.devtools.CdpVersionFinder findNearestMatch
INFO: Found CDP implementation for version 98 of 97
]]></system-err>
  </testcase>
  <testcase name="testMovieMetadataOnWebHasCorrectWriters[A Clockwork Orange](1)" classname="com.qt.qualithon.test.MovieSearchTest" time="28.519">
    <system-err><![CDATA[Starting ChromeDriver 98.0.4758.102 (273bf7ac8c909cde36982d27f66f3c70846a3718-refs/branch-heads/4758@{#1151}) on port 57483
Only local connections are allowed.
Please see https://chromedriver.chromium.org/security-considerations for suggestions on keeping ChromeDriver safe.
ChromeDriver was started successfully.
]]></system-err>
  </testcase>
  <testcase name="testMovieMetadataOnWebHasCorrectReleaseYear[The Dark Knight Rises](2)" classname="com.qt.qualithon.test.MovieSearchTest" time="22.141">
    <system-err><![CDATA[Feb 20, 2022 11:15:57 PM org.openqa.selenium.remote.ProtocolHandshake createSession
INFO: Detected dialect: W3C
Feb 20, 2022 11:15:57 PM org.openqa.selenium.devtools.CdpVersionFinder findNearestMatch
WARNING: Unable to find an exact match for CDP version 98, so returning the closest version found: 97
Feb 20, 2022 11:15:57 PM org.openqa.selenium.devtools.CdpVersionFinder findNearestMatch
INFO: Found CDP implementation for version 98 of 97
Starting ChromeDriver 98.0.4758.102 (273bf7ac8c909cde36982d27f66f3c70846a3718-refs/branch-heads/4758@{#1151}) on port 52477
Only local connections are allowed.
Please see https://chromedriver.chromium.org/security-considerations for suggestions on keeping ChromeDriver safe.
ChromeDriver was started successfully.
Feb 20, 2022 11:16:00 PM org.openqa.selenium.remote.ProtocolHandshake createSession
INFO: Detected dialect: W3C
Feb 20, 2022 11:16:00 PM org.openqa.selenium.devtools.CdpVersionFinder findNearestMatch
WARNING: Unable to find an exact match for CDP version 98, so returning the closest version found: 97
Feb 20, 2022 11:16:00 PM org.openqa.selenium.devtools.CdpVersionFinder findNearestMatch
INFO: Found CDP implementation for version 98 of 97
]]></system-err>
  </testcase>
  <testcase name="testMovieMetadataOnWebHasCorrectWriters[The Dark Knight Rises](2)" classname="com.qt.qualithon.test.MovieSearchTest" time="24.63">
    <system-err><![CDATA[Starting ChromeDriver 98.0.4758.102 (273bf7ac8c909cde36982d27f66f3c70846a3718-refs/branch-heads/4758@{#1151}) on port 54481
Only local connections are allowed.
Please see https://chromedriver.chromium.org/security-considerations for suggestions on keeping ChromeDriver safe.
ChromeDriver was started successfully.
]]></system-err>
  </testcase>
  <testcase name="testSearchByExactMovieTitleReturnsMovieAsFirstResult[A Clockwork Orange](1)" classname="com.qt.qualithon.test.MovieSearchTest" time="19.432">
    <system-err><![CDATA[Feb 20, 2022 11:16:24 PM org.openqa.selenium.remote.ProtocolHandshake createSession
INFO: Detected dialect: W3C
Feb 20, 2022 11:16:25 PM org.openqa.selenium.devtools.CdpVersionFinder findNearestMatch
WARNING: Unable to find an exact match for CDP version 98, so returning the closest version found: 97
Feb 20, 2022 11:16:25 PM org.openqa.selenium.devtools.CdpVersionFinder findNearestMatch
INFO: Found CDP implementation for version 98 of 97
Starting ChromeDriver 98.0.4758.102 (273bf7ac8c909cde36982d27f66f3c70846a3718-refs/branch-heads/4758@{#1151}) on port 52321
Only local connections are allowed.
Please see https://chromedriver.chromium.org/security-considerations for suggestions on keeping ChromeDriver safe.
ChromeDriver was started successfully.
Feb 20, 2022 11:16:27 PM org.openqa.selenium.remote.ProtocolHandshake createSession
INFO: Detected dialect: W3C
Feb 20, 2022 11:16:27 PM org.openqa.selenium.devtools.CdpVersionFinder findNearestMatch
WARNING: Unable to find an exact match for CDP version 98, so returning the closest version found: 97
Feb 20, 2022 11:16:27 PM org.openqa.selenium.devtools.CdpVersionFinder findNearestMatch
INFO: Found CDP implementation for version 98 of 97
]]></system-err>
  </testcase>
  <testcase name="testSearchByExactMovieTitleReturnsMovieAsFirstResult[The Dark Knight Rises](2)" classname="com.qt.qualithon.test.MovieSearchTest" time="32.32">
    <system-err><![CDATA[Starting ChromeDriver 98.0.4758.102 (273bf7ac8c909cde36982d27f66f3c70846a3718-refs/branch-heads/4758@{#1151}) on port 56472
Only local connections are allowed.
Please see https://chromedriver.chromium.org/security-considerations for suggestions on keeping ChromeDriver safe.
ChromeDriver was started successfully.
Feb 20, 2022 11:16:50 PM org.openqa.selenium.remote.ProtocolHandshake createSession
INFO: Detected dialect: W3C
Feb 20, 2022 11:16:50 PM org.openqa.selenium.devtools.CdpVersionFinder findNearestMatch
WARNING: Unable to find an exact match for CDP version 98, so returning the closest version found: 97
Feb 20, 2022 11:16:50 PM org.openqa.selenium.devtools.CdpVersionFinder findNearestMatch
INFO: Found CDP implementation for version 98 of 97
]]></system-err>
  </testcase>
  <testcase name="testMovieMetadataOnWebHasCorrectDirectorName[A Clockwork Orange](1)" classname="com.qt.qualithon.test.RottenTomatoesMovieSearchTest" time="12.323">
    <system-err><![CDATA[Starting ChromeDriver 98.0.4758.102 (273bf7ac8c909cde36982d27f66f3c70846a3718-refs/branch-heads/4758@{#1151}) on port 53031
Only local connections are allowed.
Please see https://chromedriver.chromium.org/security-considerations for suggestions on keeping ChromeDriver safe.
ChromeDriver was started successfully.
Feb 20, 2022 11:17:26 PM org.openqa.selenium.remote.ProtocolHandshake createSession
INFO: Detected dialect: W3C
Feb 20, 2022 11:17:26 PM org.openqa.selenium.devtools.CdpVersionFinder findNearestMatch
WARNING: Unable to find an exact match for CDP version 98, so returning the closest version found: 97
Feb 20, 2022 11:17:26 PM org.openqa.selenium.devtools.CdpVersionFinder findNearestMatch
INFO: Found CDP implementation for version 98 of 97
]]></system-err>
  </testcase>
  <testcase name="testMovieMetadataOnWebHasCorrectGenres[A Clockwork Orange](1)" classname="com.qt.qualithon.test.RottenTomatoesMovieSearchTest" time="64.825">
    <failure message="&#10;Expecting ArrayList:&#10;  [&quot;Drama&quot;, &quot; Comedy&quot;]&#10;to contain only:&#10;  [&quot;Crime&quot;, &quot;Sci-Fi&quot;]&#10;element(s) not found:&#10;  [&quot;Crime&quot;, &quot;Sci-Fi&quot;]&#10;and element(s) not expected:&#10;  [&quot;Drama&quot;, &quot; Comedy&quot;]&#10;" type="java.lang.AssertionError"><![CDATA[java.lang.AssertionError: 

Expecting ArrayList:
  ["Drama", " Comedy"]
to contain only:
  ["Crime", "Sci-Fi"]
element(s) not found:
  ["Crime", "Sci-Fi"]
and element(s) not expected:
  ["Drama", " Comedy"]

	at com.qt.qualithon.test.RottenTomatoesMovieSearchTest.testMovieMetadataOnWebHasCorrectGenres(RottenTomatoesMovieSearchTest.java:141)
]]></failure>
    <system-err><![CDATA[Starting ChromeDriver 98.0.4758.102 (273bf7ac8c909cde36982d27f66f3c70846a3718-refs/branch-heads/4758@{#1151}) on port 55213
Only local connections are allowed.
Please see https://chromedriver.chromium.org/security-considerations for suggestions on keeping ChromeDriver safe.
ChromeDriver was started successfully.
Feb 20, 2022 11:17:41 PM org.openqa.selenium.remote.ProtocolHandshake createSession
INFO: Detected dialect: W3C
Feb 20, 2022 11:17:41 PM org.openqa.selenium.devtools.CdpVersionFinder findNearestMatch
WARNING: Unable to find an exact match for CDP version 98, so returning the closest version found: 97
Feb 20, 2022 11:17:41 PM org.openqa.selenium.devtools.CdpVersionFinder findNearestMatch
INFO: Found CDP implementation for version 98 of 97
]]></system-err>
  </testcase>
  <testcase name="testMovieMetadataOnWebHasCorrectMaturityRating[A Clockwork Orange](1)" classname="com.qt.qualithon.test.RottenTomatoesMovieSearchTest" time="16.387">
    <failure message="expected:&lt;&quot;[X]&quot;&gt; but was:&lt;&quot;[R]&quot;&gt;" type="org.junit.ComparisonFailure"><![CDATA[org.junit.ComparisonFailure: expected:<"[X]"> but was:<"[R]">
	at com.qt.qualithon.test.RottenTomatoesMovieSearchTest.testMovieMetadataOnWebHasCorrectMaturityRating(RottenTomatoesMovieSearchTest.java:160)
]]></failure>
    <system-err><![CDATA[Starting ChromeDriver 98.0.4758.102 (273bf7ac8c909cde36982d27f66f3c70846a3718-refs/branch-heads/4758@{#1151}) on port 53890
Only local connections are allowed.
Please see https://chromedriver.chromium.org/security-considerations for suggestions on keeping ChromeDriver safe.
ChromeDriver was started successfully.
Feb 20, 2022 11:18:49 PM org.openqa.selenium.remote.ProtocolHandshake createSession
INFO: Detected dialect: W3C
Feb 20, 2022 11:18:49 PM org.openqa.selenium.devtools.CdpVersionFinder findNearestMatch
WARNING: Unable to find an exact match for CDP version 98, so returning the closest version found: 97
Feb 20, 2022 11:18:49 PM org.openqa.selenium.devtools.CdpVersionFinder findNearestMatch
INFO: Found CDP implementation for version 98 of 97
]]></system-err>
  </testcase>
  <testcase name="testMovieMetadataOnWebHasCorrectMovieRatingScore[A Clockwork Orange](1)" classname="com.qt.qualithon.test.RottenTomatoesMovieSearchTest" time="68.292">
    <system-err><![CDATA[Starting ChromeDriver 98.0.4758.102 (273bf7ac8c909cde36982d27f66f3c70846a3718-refs/branch-heads/4758@{#1151}) on port 59256
Only local connections are allowed.
Please see https://chromedriver.chromium.org/security-considerations for suggestions on keeping ChromeDriver safe.
ChromeDriver was started successfully.
Feb 20, 2022 11:19:09 PM org.openqa.selenium.remote.ProtocolHandshake createSession
INFO: Detected dialect: W3C
Feb 20, 2022 11:19:09 PM org.openqa.selenium.devtools.CdpVersionFinder findNearestMatch
WARNING: Unable to find an exact match for CDP version 98, so returning the closest version found: 97
Feb 20, 2022 11:19:09 PM org.openqa.selenium.devtools.CdpVersionFinder findNearestMatch
INFO: Found CDP implementation for version 98 of 97
]]></system-err>
  </testcase>
  <testcase name="testMovieMetadataOnWebHasCorrectReleaseYear[A Clockwork Orange](1)" classname="com.qt.qualithon.test.RottenTomatoesMovieSearchTest" time="14.278">
    <system-err><![CDATA[Starting ChromeDriver 98.0.4758.102 (273bf7ac8c909cde36982d27f66f3c70846a3718-refs/branch-heads/4758@{#1151}) on port 50935
Only local connections are allowed.
Please see https://chromedriver.chromium.org/security-considerations for suggestions on keeping ChromeDriver safe.
ChromeDriver was started successfully.
Feb 20, 2022 11:20:21 PM org.openqa.selenium.remote.ProtocolHandshake createSession
INFO: Detected dialect: W3C
Feb 20, 2022 11:20:21 PM org.openqa.selenium.devtools.CdpVersionFinder findNearestMatch
WARNING: Unable to find an exact match for CDP version 98, so returning the closest version found: 97
Feb 20, 2022 11:20:21 PM org.openqa.selenium.devtools.CdpVersionFinder findNearestMatch
INFO: Found CDP implementation for version 98 of 97
]]></system-err>
  </testcase>
  <testcase name="testMovieMetadataOnWebHasCorrectWriters[A Clockwork Orange](1)" classname="com.qt.qualithon.test.RottenTomatoesMovieSearchTest" time="63.98">
    <failure message="&#10;Expecting ArrayList:&#10;  [&quot;Stanley Kubrick&quot;]&#10;to contain only:&#10;  [&quot;Stanley Kubrick&quot;, &quot;Anthony Burgess&quot;]&#10;but could not find the following element(s):&#10;  [&quot;Anthony Burgess&quot;]&#10;" type="java.lang.AssertionError"><![CDATA[java.lang.AssertionError: 

Expecting ArrayList:
  ["Stanley Kubrick"]
to contain only:
  ["Stanley Kubrick", "Anthony Burgess"]
but could not find the following element(s):
  ["Anthony Burgess"]

	at com.qt.qualithon.test.RottenTomatoesMovieSearchTest.testMovieMetadataOnWebHasCorrectWriters(RottenTomatoesMovieSearchTest.java:121)
]]></failure>
    <system-err><![CDATA[Starting ChromeDriver 98.0.4758.102 (273bf7ac8c909cde36982d27f66f3c70846a3718-refs/branch-heads/4758@{#1151}) on port 53400
Only local connections are allowed.
Please see https://chromedriver.chromium.org/security-considerations for suggestions on keeping ChromeDriver safe.
ChromeDriver was started successfully.
Feb 20, 2022 11:20:39 PM org.openqa.selenium.remote.ProtocolHandshake createSession
INFO: Detected dialect: W3C
Feb 20, 2022 11:20:39 PM org.openqa.selenium.devtools.CdpVersionFinder findNearestMatch
WARNING: Unable to find an exact match for CDP version 98, so returning the closest version found: 97
Feb 20, 2022 11:20:39 PM org.openqa.selenium.devtools.CdpVersionFinder findNearestMatch
INFO: Found CDP implementation for version 98 of 97
]]></system-err>
  </testcase>
  <testcase name="testSearchByExactMovieTitleReturnsMovieAsFirstResult[A Clockwork Orange](1)" classname="com.qt.qualithon.test.RottenTomatoesMovieSearchTest" time="85.099"/>
</testsuite>