<?xml version="1.0" encoding="UTF-8"?>
<!-- Generated by org.testng.reporters.JUnitReportReporter -->
<testsuite skipped="0" hostname="ShreyaPradhan" name="com.qt.qualithon.test.MovieSearchTest" tests="14" failures="1" timestamp="2022-02-20T23:47:42 NPT" time="527.852" errors="0">
  <testcase name="testSearchByExactMovieTitleReturnsMovieAsFirstResult" time="37.313" classname="com.qt.qualithon.test.MovieSearchTest"/>
  <system-out/>
  <testcase name="testMovieMetadataOnWebHasCorrectWriters" time="35.670" classname="com.qt.qualithon.test.MovieSearchTest"/>
  <system-out/>
  <testcase name="testMovieMetadataOnWebHasCorrectGenres" time="35.897" classname="com.qt.qualithon.test.MovieSearchTest"/>
  <system-out/>
  <testcase name="testMovieMetadataOnWebHasCorrectReleaseYear" time="37.469" classname="com.qt.qualithon.test.MovieSearchTest"/>
  <system-out/>
  <testcase name="testMovieMetadataOnWebHasCorrectReleaseYear" time="34.816" classname="com.qt.qualithon.test.MovieSearchTest"/>
  <system-out/>
  <testcase name="testSearchByExactMovieTitleReturnsMovieAsFirstResult" time="33.962" classname="com.qt.qualithon.test.MovieSearchTest"/>
  <system-out/>
  <testcase name="testMovieMetadataOnWebHasCorrectWriters" time="34.610" classname="com.qt.qualithon.test.MovieSearchTest"/>
  <system-out/>
  <testcase name="testMovieMetadataOnWebHasCorrectMaturityRating" time="41.674" classname="com.qt.qualithon.test.MovieSearchTest"/>
  <system-out/>
  <testcase name="testMovieMetadataOnWebHasCorrectDirectorName" time="45.614" classname="com.qt.qualithon.test.MovieSearchTest"/>
  <system-out/>
  <testcase name="testMovieMetadataOnWebHasCorrectMovieRatingScore" time="39.799" classname="com.qt.qualithon.test.MovieSearchTest"/>
  <system-out/>
  <testcase name="testMovieMetadataOnWebHasCorrectMaturityRating" time="39.964" classname="com.qt.qualithon.test.MovieSearchTest">
    <failure type="org.junit.ComparisonFailure" message="expected:&lt;&quot;[PG-13]&quot;&gt; but was:&lt;&quot;[12A]&quot;&gt;">
      <![CDATA[org.junit.ComparisonFailure: expected:<"[PG-13]"> but was:<"[12A]">
at sun.reflect.NativeConstructorAccessorImpl.newInstance0(Native Method)
at sun.reflect.NativeConstructorAccessorImpl.newInstance(NativeConstructorAccessorImpl.java:62)
at sun.reflect.DelegatingConstructorAccessorImpl.newInstance(DelegatingConstructorAccessorImpl.java:45)
at com.qt.qualithon.test.MovieSearchTest.testMovieMetadataOnWebHasCorrectMaturityRating(MovieSearchTest.java:165)
at sun.reflect.NativeMethodAccessorImpl.invoke0(Native Method)
at sun.reflect.NativeMethodAccessorImpl.invoke(NativeMethodAccessorImpl.java:62)
at sun.reflect.DelegatingMethodAccessorImpl.invoke(DelegatingMethodAccessorImpl.java:43)
at java.lang.reflect.Method.invoke(Method.java:498)
at org.testng.internal.MethodInvocationHelper.invokeMethod(MethodInvocationHelper.java:132)
at org.testng.internal.TestInvoker.invokeMethod(TestInvoker.java:599)
at org.testng.internal.TestInvoker.invokeTestMethod(TestInvoker.java:174)
at org.testng.internal.MethodRunner.runInSequence(MethodRunner.java:46)
at org.testng.internal.TestInvoker$MethodInvocationAgent.invoke(TestInvoker.java:822)
at org.testng.internal.TestInvoker.invokeTestMethods(TestInvoker.java:147)
at org.testng.internal.TestMethodWorker.invokeTestMethods(TestMethodWorker.java:146)
at org.testng.internal.TestMethodWorker.run(TestMethodWorker.java:128)
at java.util.concurrent.ThreadPoolExecutor.runWorker(ThreadPoolExecutor.java:1149)
at java.util.concurrent.ThreadPoolExecutor$Worker.run(ThreadPoolExecutor.java:624)
at java.lang.Thread.run(Thread.java:748)
]]>
    </failure>
  </testcase> <!-- testMovieMetadataOnWebHasCorrectMaturityRating -->
  <system-out/>
  <testcase name="testMovieMetadataOnWebHasCorrectMovieRatingScore" time="36.364" classname="com.qt.qualithon.test.MovieSearchTest"/>
  <system-out/>
  <testcase name="testMovieMetadataOnWebHasCorrectDirectorName" time="34.137" classname="com.qt.qualithon.test.MovieSearchTest"/>
  <system-out/>
  <testcase name="testMovieMetadataOnWebHasCorrectGenres" time="40.563" classname="com.qt.qualithon.test.MovieSearchTest"/>
  <system-out/>
</testsuite> <!-- com.qt.qualithon.test.MovieSearchTest -->
